<?xml version="1.0" encoding="UTF-8"?>
<!-- Generated by org.testng.reporters.JUnitReportReporter -->
<testsuite hostname="LAPTOP-CGHN4N3K" name="TestCases.AutomationTest" tests="2" failures="0" timestamp="20 Feb 2020 23:16:48 GMT" time="14.416" errors="0">
  <testcase name="searchtest" time="10.370" classname="TestCases.AutomationTest"/>
  <testcase name="AutomationToAp" time="4.046" classname="TestCases.AutomationTest"/>
</testsuite> <!-- TestCases.AutomationTest -->
