<?xml version="1.0" encoding="UTF-8"?>
<!-- Generated by org.testng.reporters.JUnitReportReporter -->
<testsuite hostname="LAPTOP-CGHN4N3K" name="TestCases.ContactTest" tests="1" failures="0" timestamp="19 Feb 2020 00:05:20 GMT" time="2.921" errors="0">
  <testcase name="ContactToAP" time="2.921" classname="TestCases.ContactTest"/>
</testsuite> <!-- TestCases.ContactTest -->
