<?xml version="1.0" encoding="UTF-8"?>
<!-- Generated by org.testng.reporters.JUnitReportReporter -->
<testsuite hostname="LAPTOP-CGHN4N3K" name="TestCases.LoginTestWithDataProvider" tests="1" failures="0" timestamp="18 Feb 2020 22:06:16 GMT" time="1.025" errors="0">
  <testcase name="loginToAP" time="1.025" classname="TestCases.LoginTestWithDataProvider"/>
</testsuite> <!-- TestCases.LoginTestWithDataProvider -->
