<?xml version="1.0" encoding="UTF-8"?>
<!-- Generated by org.testng.reporters.JUnitReportReporter -->
<testsuite hostname="LAPTOP-CGHN4N3K" name="TestCases.LoginTest" tests="1" failures="0" timestamp="18 Feb 2020 21:22:37 GMT" time="3.219" errors="0">
  <testcase name="loginToAP" time="3.219" classname="TestCases.LoginTest"/>
</testsuite> <!-- TestCases.LoginTest -->
